Start testing: Jul 13 13:31 UTC
----------------------------------------------------------
1/1 Testing: VersionTest.CheckVersion
1/1 Test: VersionTest.CheckVersion
Command: "/home/dong/devops/temp/enterprise-rest-service/build/version_test" "--gtest_filter=VersionTest.CheckVersion" "--gtest_also_run_disabled_tests"
Directory: /home/dong/devops/temp/enterprise-rest-service/build
"VersionTest.CheckVersion" start time: Jul 13 13:31 UTC
Output:
----------------------------------------------------------
Running main() from /home/dong/devops/temp/enterprise-rest-service/third_party/googletest/googletest/src/gtest_main.cc
Note: Google Test filter = VersionTest.CheckVersion
[==========] Running 1 test from 1 test suite.
[----------] Global test environment set-up.
[----------] 1 test from VersionTest
[ RUN      ] VersionTest.CheckVersion
[       OK ] VersionTest.CheckVersion (0 ms)
[----------] 1 test from VersionTest (0 ms total)

[----------] Global test environment tear-down
[==========] 1 test from 1 test suite ran. (0 ms total)
[  PASSED  ] 1 test.
<end of output>
Test time =   0.00 sec
----------------------------------------------------------
Test Passed.
"VersionTest.CheckVersion" end time: Jul 13 13:31 UTC
"VersionTest.CheckVersion" time elapsed: 00:00:00
----------------------------------------------------------

End testing: Jul 13 13:31 UTC
